<?xml version="1.0" encoding="UTF-8"?>
<!-- Generated by org.testng.reporters.JUnitReportReporter -->
<testsuite hostname="Mac1s-MacBook-Pro.local" failures="0" tests="1" name="org.Testcase.Visitor.TestCase25" time="53.437" errors="0" timestamp="2023-12-12T13:44:22 WIB" skipped="0">
  <testcase classname="org.Testcase.Visitor.TestCase25" name="TC25" time="53.437"/>
  <system-out/>
</testsuite> <!-- org.Testcase.Visitor.TestCase25 -->
