<?xml version="1.0" encoding="UTF-8"?>
<!-- Generated by org.testng.reporters.JUnitReportReporter -->
<testsuite hostname="Mac1s-MacBook-Pro.local" failures="0" tests="1" name="org.Testcase.Visitor.TestCase02" time="40.389" errors="0" timestamp="2023-12-06T17:31:37 WIB" skipped="0">
  <testcase classname="org.Testcase.Visitor.TestCase02" name="TC2" time="40.389"/>
  <system-out/>
</testsuite> <!-- org.Testcase.Visitor.TestCase02 -->
