<?xml version="1.0" encoding="UTF-8"?>
<!-- Generated by org.testng.reporters.JUnitReportReporter -->
<testsuite hostname="Mac1s-MacBook-Pro.local" failures="0" tests="1" name="org.visitor.test" time="25.795" errors="0" timestamp="2023-12-13T12:02:03 WIB" skipped="0">
  <testcase classname="org.visitor.test" name="test1" time="25.795"/>
  <system-out/>
</testsuite> <!-- org.visitor.test -->
