<?xml version="1.0" encoding="UTF-8"?>
<!-- Generated by org.testng.reporters.JUnitReportReporter -->
<testsuite hostname="Mac1s-MacBook-Pro.local" failures="0" tests="1" name="org.Testcase.Visitor.TestCase16" time="78.363" errors="0" timestamp="2023-12-08T16:10:07 WIB" skipped="0">
  <testcase classname="org.Testcase.Visitor.TestCase16" name="TC16" time="78.363"/>
  <system-out/>
</testsuite> <!-- org.Testcase.Visitor.TestCase16 -->
