<?xml version="1.0" encoding="UTF-8"?>
<!-- Generated by org.testng.reporters.JUnitReportReporter -->
<testsuite hostname="Mac1s-MacBook-Pro.local" failures="0" tests="1" name="org.Testcase.Visitor.TestCase02" time="37.648" errors="0" timestamp="2023-11-29T11:34:54 WIB" skipped="0">
  <testcase classname="org.Testcase.Visitor.TestCase02" name="TCRegisterBerhasil" time="37.648"/>
  <system-out/>
</testsuite> <!-- org.Testcase.Visitor.TestCase02 -->
