<?xml version="1.0" encoding="UTF-8"?>
<!-- Generated by org.testng.reporters.JUnitReportReporter -->
<testsuite hostname="Mac1s-MBP" failures="0" tests="1" name="org.Testcase.Visitor.TestCase93" time="29.859" errors="0" timestamp="2023-12-13T10:45:18 WIB" skipped="0">
  <testcase classname="org.Testcase.Visitor.TestCase93" name="TC93" time="29.859"/>
  <system-out/>
</testsuite> <!-- org.Testcase.Visitor.TestCase93 -->
