<?xml version="1.0" encoding="UTF-8"?>
<!-- Generated by org.testng.reporters.JUnitReportReporter -->
<testsuite hostname="Mac1s-MacBook-Pro.local" failures="0" tests="1" name="org.Testcase.Visitor.TestCase07" time="25.155" errors="0" timestamp="2023-12-05T15:40:11 WIB" skipped="0">
  <testcase classname="org.Testcase.Visitor.TestCase07" name="TC7" time="25.155"/>
  <system-out/>
</testsuite> <!-- org.Testcase.Visitor.TestCase07 -->
