<?xml version="1.0" encoding="UTF-8"?>
<!-- Generated by org.testng.reporters.JUnitReportReporter -->
<testsuite hostname="Mac1s-MacBook-Pro.local" failures="0" tests="1" name="org.Testcase.Visitor.TC_Register_phone" time="25.822" errors="0" timestamp="2023-12-06T12:03:27 WIB" skipped="0">
  <testcase classname="org.Testcase.Visitor.TC_Register_phone" name="TCRegisterBerhasil" time="25.822"/>
  <system-out/>
</testsuite> <!-- org.Testcase.Visitor.TC_Register_phone -->
