<?xml version="1.0" encoding="UTF-8"?>
<!-- Generated by org.testng.reporters.JUnitReportReporter -->
<testsuite hostname="Mac1s-MacBook-Pro.local" failures="0" tests="1" name="org.Testcase.Visitor.TestCase14" time="75.653" errors="0" timestamp="2023-12-06T16:42:32 WIB" skipped="0">
  <testcase classname="org.Testcase.Visitor.TestCase14" name="TC14" time="75.653"/>
  <system-out/>
</testsuite> <!-- org.Testcase.Visitor.TestCase14 -->
