<?xml version="1.0" encoding="UTF-8"?>
<!-- Generated by org.testng.reporters.JUnitReportReporter -->
<testsuite hostname="Mac1s-MacBook-Pro.local" failures="0" tests="1" name="org.Testcase.Visitor.TestCase13" time="45.835" errors="0" timestamp="2023-12-06T11:07:46 WIB" skipped="0">
  <testcase classname="org.Testcase.Visitor.TestCase13" name="TC11" time="45.835"/>
  <system-out/>
</testsuite> <!-- org.Testcase.Visitor.TestCase13 -->
