<?xml version="1.0" encoding="UTF-8"?>
<!-- Generated by org.testng.reporters.JUnitReportReporter -->
<testsuite hostname="Mac1s-MacBook-Pro.local" failures="0" tests="1" name="TC_Login_Phone.TC2" time="36.324" errors="0" timestamp="2023-11-28T21:53:35 WIB" skipped="0">
  <testcase classname="TC_Login_Phone.TC2" name="TCRegisterBerhasil" time="36.324"/>
  <system-out/>
</testsuite> <!-- TC_Login_Phone.TC2 -->
