<?xml version="1.0" encoding="UTF-8"?>
<!-- Generated by org.testng.reporters.JUnitReportReporter -->
<testsuite hostname="Mac1s-MacBook-Pro.local" failures="0" tests="1" name="org.Testcase.Visitor.TestCase17" time="45.035" errors="0" timestamp="2023-12-08T17:55:07 WIB" skipped="0">
  <testcase classname="org.Testcase.Visitor.TestCase17" name="TC17" time="45.035"/>
  <system-out/>
</testsuite> <!-- org.Testcase.Visitor.TestCase17 -->
