<?xml version="1.0" encoding="UTF-8"?>
<!-- Generated by org.testng.reporters.JUnitReportReporter -->
<testsuite hostname="Mac1s-MacBook-Pro.local" failures="0" tests="1" name="TC_Login_Phone.TestCase15" time="35.164" errors="0" timestamp="2023-12-06T11:32:40 WIB" skipped="0">
  <testcase classname="TC_Login_Phone.TestCase15" name="TC11" time="35.164"/>
  <system-out/>
</testsuite> <!-- TC_Login_Phone.TestCase15 -->
