<?xml version="1.0" encoding="UTF-8"?>
<!-- Generated by org.testng.reporters.JUnitReportReporter -->
<testsuite hostname="Mac1s-MacBook-Pro.local" failures="0" tests="2" name="org.Testcase.Visitor.Testpriority" time="39.264" errors="0" timestamp="2023-12-12T16:38:10 WIB" skipped="0">
  <testcase classname="org.Testcase.Visitor.Testpriority" name="TC1" time="23.516"/>
  <system-out/>
  <testcase classname="org.Testcase.Visitor.Testpriority" name="TC2" time="15.748"/>
  <system-out/>
</testsuite> <!-- org.Testcase.Visitor.Testpriority -->
